<?xml version="1.0" encoding="UTF-8"?>
<!-- Generated by org.testng.reporters.JUnitReportReporter -->
<testsuite skipped="0" hostname="xiongzl" name="top.timebook.SeleniumGridParalleTestCase" tests="1" failures="0" timestamp="2019-09-11T11:45:50 CST" time="5.215" errors="0">
  <testcase name="webListenerTest" time="5.215" classname="top.timebook.SeleniumGridParalleTestCase"/>
</testsuite> <!-- top.timebook.SeleniumGridParalleTestCase -->
