<?xml version="1.0" encoding="UTF-8"?>
<!-- Generated by org.testng.reporters.JUnitReportReporter -->
<testsuite skipped="0" hostname="xiongzl" name="top.timebook.AnnotationTest" tests="2" failures="0" timestamp="2019-09-05T02:04:12 CST" time="0.002" errors="0">
  <testcase name="test01" time="0.002" classname="top.timebook.AnnotationTest"/>
  <testcase name="test02" time="0.000" classname="top.timebook.AnnotationTest"/>
</testsuite> <!-- top.timebook.AnnotationTest -->
